{"/Users/elliotmaincourt/Documents/Development/MifareJS/index.js": {"path":"/Users/elliotmaincourt/Documents/Development/MifareJS/index.js","statementMap":{"0":{"start":{"line":1,"column":0},"end":{"line":1,"column":31}},"1":{"start":{"line":2,"column":0},"end":{"line":2,"column":26}},"2":{"start":{"line":12,"column":11},"end":{"line":12,"column":66}},"3":{"start":{"line":20,"column":19},"end":{"line":20,"column":56}},"4":{"start":{"line":21,"column":20},"end":{"line":21,"column":36}},"5":{"start":{"line":22,"column":4},"end":{"line":24,"column":5}},"6":{"start":{"line":23,"column":6},"end":{"line":23,"column":57}},"7":{"start":{"line":25,"column":4},"end":{"line":25,"column":39}},"8":{"start":{"line":34,"column":19},"end":{"line":38,"column":5}},"9":{"start":{"line":39,"column":4},"end":{"line":39,"column":79}},"10":{"start":{"line":40,"column":4},"end":{"line":40,"column":34}},"11":{"start":{"line":50,"column":4},"end":{"line":52,"column":5}},"12":{"start":{"line":50,"column":36},"end":{"line":50,"column":69}},"13":{"start":{"line":51,"column":6},"end":{"line":51,"column":69}},"14":{"start":{"line":53,"column":4},"end":{"line":53,"column":45}},"15":{"start":{"line":53,"column":32},"end":{"line":53,"column":43}},"16":{"start":{"line":54,"column":4},"end":{"line":54,"column":31}},"17":{"start":{"line":55,"column":4},"end":{"line":55,"column":58}},"18":{"start":{"line":65,"column":17},"end":{"line":68,"column":15}},"19":{"start":{"line":69,"column":17},"end":{"line":69,"column":57}},"20":{"start":{"line":70,"column":4},"end":{"line":70,"column":56}},"21":{"start":{"line":84,"column":20},"end":{"line":89,"column":15}},"22":{"start":{"line":90,"column":4},"end":{"line":90,"column":43}},"23":{"start":{"line":91,"column":4},"end":{"line":91,"column":54}},"24":{"start":{"line":101,"column":17},"end":{"line":101,"column":57}},"25":{"start":{"line":102,"column":19},"end":{"line":102,"column":58}},"26":{"start":{"line":103,"column":20},"end":{"line":103,"column":50}},"27":{"start":{"line":104,"column":4},"end":{"line":106,"column":11}},"28":{"start":{"line":105,"column":27},"end":{"line":105,"column":38}},"29":{"start":{"line":115,"column":4},"end":{"line":115,"column":46}},"30":{"start":{"line":116,"column":4},"end":{"line":116,"column":18}},"31":{"start":{"line":126,"column":20},"end":{"line":126,"column":51}},"32":{"start":{"line":127,"column":19},"end":{"line":127,"column":37}},"33":{"start":{"line":128,"column":4},"end":{"line":130,"column":5}},"34":{"start":{"line":129,"column":6},"end":{"line":129,"column":28}},"35":{"start":{"line":131,"column":4},"end":{"line":131,"column":18}}},"fnMap":{"0":{"name":"(anonymous_0)","decl":{"start":{"line":19,"column":2},"end":{"line":19,"column":3}},"loc":{"start":{"line":19,"column":25},"end":{"line":26,"column":3}},"line":19},"1":{"name":"(anonymous_1)","decl":{"start":{"line":33,"column":2},"end":{"line":33,"column":3}},"loc":{"start":{"line":33,"column":44},"end":{"line":41,"column":3}},"line":33},"2":{"name":"(anonymous_2)","decl":{"start":{"line":45,"column":2},"end":{"line":45,"column":3}},"loc":{"start":{"line":49,"column":10},"end":{"line":56,"column":3}},"line":49},"3":{"name":"(anonymous_3)","decl":{"start":{"line":50,"column":21},"end":{"line":50,"column":22}},"loc":{"start":{"line":50,"column":36},"end":{"line":50,"column":69}},"line":50},"4":{"name":"(anonymous_4)","decl":{"start":{"line":53,"column":25},"end":{"line":53,"column":26}},"loc":{"start":{"line":53,"column":32},"end":{"line":53,"column":43}},"line":53},"5":{"name":"(anonymous_5)","decl":{"start":{"line":64,"column":2},"end":{"line":64,"column":3}},"loc":{"start":{"line":64,"column":35},"end":{"line":71,"column":3}},"line":64},"6":{"name":"(anonymous_6)","decl":{"start":{"line":83,"column":2},"end":{"line":83,"column":3}},"loc":{"start":{"line":83,"column":45},"end":{"line":92,"column":3}},"line":83},"7":{"name":"(anonymous_7)","decl":{"start":{"line":100,"column":2},"end":{"line":100,"column":3}},"loc":{"start":{"line":100,"column":35},"end":{"line":107,"column":3}},"line":100},"8":{"name":"(anonymous_8)","decl":{"start":{"line":105,"column":20},"end":{"line":105,"column":21}},"loc":{"start":{"line":105,"column":27},"end":{"line":105,"column":38}},"line":105},"9":{"name":"(anonymous_9)","decl":{"start":{"line":114,"column":2},"end":{"line":114,"column":3}},"loc":{"start":{"line":114,"column":28},"end":{"line":117,"column":3}},"line":114},"10":{"name":"(anonymous_10)","decl":{"start":{"line":125,"column":2},"end":{"line":125,"column":3}},"loc":{"start":{"line":125,"column":49},"end":{"line":132,"column":3}},"line":125}},"branchMap":{"0":{"loc":{"start":{"line":22,"column":4},"end":{"line":24,"column":5}},"type":"if","locations":[{"start":{"line":22,"column":4},"end":{"line":24,"column":5}},{"start":{"line":22,"column":4},"end":{"line":24,"column":5}}],"line":22},"1":{"loc":{"start":{"line":45,"column":14},"end":{"line":49,"column":8}},"type":"default-arg","locations":[{"start":{"line":49,"column":6},"end":{"line":49,"column":8}}],"line":45},"2":{"loc":{"start":{"line":46,"column":4},"end":{"line":46,"column":13}},"type":"default-arg","locations":[{"start":{"line":46,"column":11},"end":{"line":46,"column":13}}],"line":46},"3":{"loc":{"start":{"line":47,"column":4},"end":{"line":47,"column":20}},"type":"default-arg","locations":[{"start":{"line":47,"column":16},"end":{"line":47,"column":20}}],"line":47},"4":{"loc":{"start":{"line":48,"column":4},"end":{"line":48,"column":28}},"type":"default-arg","locations":[{"start":{"line":48,"column":18},"end":{"line":48,"column":28}}],"line":48},"5":{"loc":{"start":{"line":50,"column":4},"end":{"line":52,"column":5}},"type":"if","locations":[{"start":{"line":50,"column":4},"end":{"line":52,"column":5}},{"start":{"line":50,"column":4},"end":{"line":52,"column":5}}],"line":50},"6":{"loc":{"start":{"line":50,"column":36},"end":{"line":50,"column":69}},"type":"binary-expr","locations":[{"start":{"line":50,"column":36},"end":{"line":50,"column":39}},{"start":{"line":50,"column":43},"end":{"line":50,"column":69}}],"line":50},"7":{"loc":{"start":{"line":83,"column":30},"end":{"line":83,"column":43}},"type":"default-arg","locations":[{"start":{"line":83,"column":39},"end":{"line":83,"column":43}}],"line":83},"8":{"loc":{"start":{"line":86,"column":6},"end":{"line":86,"column":28}},"type":"cond-expr","locations":[{"start":{"line":86,"column":15},"end":{"line":86,"column":20}},{"start":{"line":86,"column":23},"end":{"line":86,"column":28}}],"line":86},"9":{"loc":{"start":{"line":104,"column":11},"end":{"line":106,"column":10}},"type":"cond-expr","locations":[{"start":{"line":105,"column":8},"end":{"line":105,"column":39}},{"start":{"line":106,"column":8},"end":{"line":106,"column":10}}],"line":104},"10":{"loc":{"start":{"line":125,"column":33},"end":{"line":125,"column":47}},"type":"default-arg","locations":[{"start":{"line":125,"column":43},"end":{"line":125,"column":47}}],"line":125},"11":{"loc":{"start":{"line":128,"column":4},"end":{"line":130,"column":5}},"type":"if","locations":[{"start":{"line":128,"column":4},"end":{"line":130,"column":5}},{"start":{"line":128,"column":4},"end":{"line":130,"column":5}}],"line":128}},"s":{"0":1,"1":1,"2":1,"3":2,"4":2,"5":2,"6":1,"7":1,"8":1,"9":1,"10":1,"11":10,"12":2,"13":1,"14":9,"15":1,"16":9,"17":9,"18":1,"19":1,"20":1,"21":2,"22":2,"23":2,"24":2,"25":2,"26":2,"27":2,"28":2,"29":1,"30":1,"31":2,"32":2,"33":2,"34":1,"35":2},"f":{"0":2,"1":1,"2":10,"3":2,"4":1,"5":1,"6":2,"7":2,"8":2,"9":1,"10":2},"b":{"0":[1,1],"1":[6],"2":[8],"3":[9],"4":[9],"5":[1,9],"6":[2,2],"7":[1],"8":[1,1],"9":[1,1],"10":[1],"11":[1,1]},"_coverageSchema":"332fd63041d2c1bcb487cc26dd0d5f7d97098a6c","hash":"2920c23ee181bc9e0ab936453b47c820ab722295"}
}
