{"/Users/elliotmaincourt/Documents/Development/MifareJS/index.js": {"path":"/Users/elliotmaincourt/Documents/Development/MifareJS/index.js","statementMap":{"0":{"start":{"line":1,"column":0},"end":{"line":1,"column":31}},"1":{"start":{"line":2,"column":0},"end":{"line":2,"column":26}},"2":{"start":{"line":12,"column":18},"end":{"line":12,"column":85}},"3":{"start":{"line":20,"column":19},"end":{"line":20,"column":52}},"4":{"start":{"line":21,"column":20},"end":{"line":21,"column":43}},"5":{"start":{"line":22,"column":4},"end":{"line":24,"column":5}},"6":{"start":{"line":23,"column":6},"end":{"line":23,"column":57}},"7":{"start":{"line":25,"column":4},"end":{"line":25,"column":40}},"8":{"start":{"line":35,"column":4},"end":{"line":37,"column":5}},"9":{"start":{"line":35,"column":36},"end":{"line":35,"column":69}},"10":{"start":{"line":36,"column":6},"end":{"line":36,"column":69}},"11":{"start":{"line":38,"column":4},"end":{"line":38,"column":45}},"12":{"start":{"line":38,"column":32},"end":{"line":38,"column":43}},"13":{"start":{"line":39,"column":4},"end":{"line":39,"column":31}},"14":{"start":{"line":40,"column":4},"end":{"line":40,"column":62}},"15":{"start":{"line":50,"column":17},"end":{"line":53,"column":15}},"16":{"start":{"line":54,"column":17},"end":{"line":54,"column":57}},"17":{"start":{"line":55,"column":19},"end":{"line":59,"column":5}},"18":{"start":{"line":60,"column":4},"end":{"line":60,"column":79}},"19":{"start":{"line":61,"column":4},"end":{"line":61,"column":41}},"20":{"start":{"line":75,"column":20},"end":{"line":80,"column":15}},"21":{"start":{"line":81,"column":4},"end":{"line":81,"column":39}},"22":{"start":{"line":82,"column":4},"end":{"line":82,"column":54}},"23":{"start":{"line":92,"column":17},"end":{"line":92,"column":57}},"24":{"start":{"line":93,"column":19},"end":{"line":93,"column":58}},"25":{"start":{"line":94,"column":20},"end":{"line":94,"column":50}},"26":{"start":{"line":95,"column":4},"end":{"line":97,"column":11}},"27":{"start":{"line":96,"column":27},"end":{"line":96,"column":38}},"28":{"start":{"line":106,"column":4},"end":{"line":106,"column":54}},"29":{"start":{"line":107,"column":4},"end":{"line":107,"column":18}},"30":{"start":{"line":117,"column":20},"end":{"line":117,"column":51}},"31":{"start":{"line":118,"column":19},"end":{"line":118,"column":37}},"32":{"start":{"line":119,"column":4},"end":{"line":121,"column":5}},"33":{"start":{"line":120,"column":6},"end":{"line":120,"column":28}},"34":{"start":{"line":122,"column":4},"end":{"line":122,"column":18}}},"fnMap":{"0":{"name":"(anonymous_0)","decl":{"start":{"line":19,"column":2},"end":{"line":19,"column":3}},"loc":{"start":{"line":19,"column":25},"end":{"line":26,"column":3}},"line":19},"1":{"name":"(anonymous_1)","decl":{"start":{"line":30,"column":2},"end":{"line":30,"column":3}},"loc":{"start":{"line":34,"column":10},"end":{"line":41,"column":3}},"line":34},"2":{"name":"(anonymous_2)","decl":{"start":{"line":35,"column":21},"end":{"line":35,"column":22}},"loc":{"start":{"line":35,"column":36},"end":{"line":35,"column":69}},"line":35},"3":{"name":"(anonymous_3)","decl":{"start":{"line":38,"column":25},"end":{"line":38,"column":26}},"loc":{"start":{"line":38,"column":32},"end":{"line":38,"column":43}},"line":38},"4":{"name":"(anonymous_4)","decl":{"start":{"line":49,"column":2},"end":{"line":49,"column":3}},"loc":{"start":{"line":49,"column":50},"end":{"line":62,"column":3}},"line":49},"5":{"name":"(anonymous_5)","decl":{"start":{"line":74,"column":2},"end":{"line":74,"column":3}},"loc":{"start":{"line":74,"column":45},"end":{"line":83,"column":3}},"line":74},"6":{"name":"(anonymous_6)","decl":{"start":{"line":91,"column":2},"end":{"line":91,"column":3}},"loc":{"start":{"line":91,"column":35},"end":{"line":98,"column":3}},"line":91},"7":{"name":"(anonymous_7)","decl":{"start":{"line":96,"column":20},"end":{"line":96,"column":21}},"loc":{"start":{"line":96,"column":27},"end":{"line":96,"column":38}},"line":96},"8":{"name":"(anonymous_8)","decl":{"start":{"line":105,"column":2},"end":{"line":105,"column":3}},"loc":{"start":{"line":105,"column":28},"end":{"line":108,"column":3}},"line":105},"9":{"name":"(anonymous_9)","decl":{"start":{"line":116,"column":2},"end":{"line":116,"column":3}},"loc":{"start":{"line":116,"column":49},"end":{"line":123,"column":3}},"line":116}},"branchMap":{"0":{"loc":{"start":{"line":22,"column":4},"end":{"line":24,"column":5}},"type":"if","locations":[{"start":{"line":22,"column":4},"end":{"line":24,"column":5}},{"start":{"line":22,"column":4},"end":{"line":24,"column":5}}],"line":22},"1":{"loc":{"start":{"line":30,"column":14},"end":{"line":34,"column":8}},"type":"default-arg","locations":[{"start":{"line":34,"column":6},"end":{"line":34,"column":8}}],"line":30},"2":{"loc":{"start":{"line":31,"column":4},"end":{"line":31,"column":13}},"type":"default-arg","locations":[{"start":{"line":31,"column":11},"end":{"line":31,"column":13}}],"line":31},"3":{"loc":{"start":{"line":32,"column":4},"end":{"line":32,"column":20}},"type":"default-arg","locations":[{"start":{"line":32,"column":16},"end":{"line":32,"column":20}}],"line":32},"4":{"loc":{"start":{"line":33,"column":4},"end":{"line":33,"column":32}},"type":"default-arg","locations":[{"start":{"line":33,"column":22},"end":{"line":33,"column":32}}],"line":33},"5":{"loc":{"start":{"line":35,"column":4},"end":{"line":37,"column":5}},"type":"if","locations":[{"start":{"line":35,"column":4},"end":{"line":37,"column":5}},{"start":{"line":35,"column":4},"end":{"line":37,"column":5}}],"line":35},"6":{"loc":{"start":{"line":35,"column":36},"end":{"line":35,"column":69}},"type":"binary-expr","locations":[{"start":{"line":35,"column":36},"end":{"line":35,"column":39}},{"start":{"line":35,"column":43},"end":{"line":35,"column":69}}],"line":35},"7":{"loc":{"start":{"line":49,"column":13},"end":{"line":49,"column":36}},"type":"default-arg","locations":[{"start":{"line":49,"column":24},"end":{"line":49,"column":36}}],"line":49},"8":{"loc":{"start":{"line":74,"column":30},"end":{"line":74,"column":43}},"type":"default-arg","locations":[{"start":{"line":74,"column":39},"end":{"line":74,"column":43}}],"line":74},"9":{"loc":{"start":{"line":77,"column":6},"end":{"line":77,"column":28}},"type":"cond-expr","locations":[{"start":{"line":77,"column":15},"end":{"line":77,"column":20}},{"start":{"line":77,"column":23},"end":{"line":77,"column":28}}],"line":77},"10":{"loc":{"start":{"line":95,"column":11},"end":{"line":97,"column":10}},"type":"cond-expr","locations":[{"start":{"line":96,"column":8},"end":{"line":96,"column":39}},{"start":{"line":97,"column":8},"end":{"line":97,"column":10}}],"line":95},"11":{"loc":{"start":{"line":116,"column":33},"end":{"line":116,"column":47}},"type":"default-arg","locations":[{"start":{"line":116,"column":43},"end":{"line":116,"column":47}}],"line":116},"12":{"loc":{"start":{"line":119,"column":4},"end":{"line":121,"column":5}},"type":"if","locations":[{"start":{"line":119,"column":4},"end":{"line":121,"column":5}},{"start":{"line":119,"column":4},"end":{"line":121,"column":5}}],"line":119}},"s":{"0":1,"1":1,"2":1,"3":2,"4":2,"5":2,"6":1,"7":1,"8":10,"9":2,"10":1,"11":9,"12":1,"13":9,"14":9,"15":1,"16":1,"17":1,"18":1,"19":1,"20":2,"21":2,"22":2,"23":2,"24":2,"25":2,"26":2,"27":2,"28":1,"29":1,"30":2,"31":2,"32":2,"33":1,"34":2},"f":{"0":2,"1":10,"2":2,"3":1,"4":1,"5":2,"6":2,"7":2,"8":1,"9":2},"b":{"0":[1,1],"1":[6],"2":[8],"3":[9],"4":[10],"5":[1,9],"6":[2,2],"7":[0],"8":[1],"9":[1,1],"10":[1,1],"11":[1],"12":[1,1]},"_coverageSchema":"332fd63041d2c1bcb487cc26dd0d5f7d97098a6c","hash":"629a44420d1a37512106530dcf159b564e53c152"}
}
