TN:
SF:/Users/elliotmaincourt/Documents/Development/MifareJS/index.js
FN:19,(anonymous_0)
FN:30,(anonymous_1)
FN:35,(anonymous_2)
FN:38,(anonymous_3)
FN:49,(anonymous_4)
FN:74,(anonymous_5)
FN:91,(anonymous_6)
FN:96,(anonymous_7)
FN:105,(anonymous_8)
FN:116,(anonymous_9)
FNF:10
FNH:10
FNDA:2,(anonymous_0)
FNDA:10,(anonymous_1)
FNDA:2,(anonymous_2)
FNDA:1,(anonymous_3)
FNDA:1,(anonymous_4)
FNDA:2,(anonymous_5)
FNDA:2,(anonymous_6)
FNDA:2,(anonymous_7)
FNDA:1,(anonymous_8)
FNDA:2,(anonymous_9)
DA:1,1
DA:2,1
DA:12,1
DA:20,2
DA:21,2
DA:22,2
DA:23,1
DA:25,1
DA:35,10
DA:36,1
DA:38,9
DA:39,9
DA:40,9
DA:50,1
DA:54,1
DA:55,1
DA:60,1
DA:61,1
DA:75,2
DA:81,2
DA:82,2
DA:92,2
DA:93,2
DA:94,2
DA:95,2
DA:96,2
DA:106,1
DA:107,1
DA:117,2
DA:118,2
DA:119,2
DA:120,1
DA:122,2
LF:33
LH:33
BRDA:22,0,0,1
BRDA:22,0,1,1
BRDA:30,1,0,6
BRDA:31,2,0,8
BRDA:32,3,0,9
BRDA:33,4,0,10
BRDA:35,5,0,1
BRDA:35,5,1,9
BRDA:35,6,0,2
BRDA:35,6,1,2
BRDA:49,7,0,0
BRDA:74,8,0,1
BRDA:77,9,0,1
BRDA:77,9,1,1
BRDA:95,10,0,1
BRDA:95,10,1,1
BRDA:116,11,0,1
BRDA:119,12,0,1
BRDA:119,12,1,1
BRF:19
BRH:18
end_of_record
