TN:
SF:/Users/elliotmaincourt/Documents/Development/MifareJS/index.js
FN:16,(anonymous_0)
FN:30,(anonymous_1)
FN:42,(anonymous_2)
FN:47,(anonymous_3)
FN:50,(anonymous_4)
FN:61,(anonymous_5)
FN:80,(anonymous_6)
FN:97,(anonymous_7)
FN:102,(anonymous_8)
FN:111,(anonymous_9)
FN:122,(anonymous_10)
FNF:11
FNH:11
FNDA:2,(anonymous_0)
FNDA:1,(anonymous_1)
FNDA:10,(anonymous_2)
FNDA:2,(anonymous_3)
FNDA:1,(anonymous_4)
FNDA:1,(anonymous_5)
FNDA:2,(anonymous_6)
FNDA:2,(anonymous_7)
FNDA:2,(anonymous_8)
FNDA:1,(anonymous_9)
FNDA:2,(anonymous_10)
DA:9,1
DA:17,2
DA:18,2
DA:19,2
DA:20,1
DA:22,1
DA:31,1
DA:36,1
DA:37,1
DA:47,10
DA:48,1
DA:50,9
DA:51,9
DA:52,9
DA:62,1
DA:66,1
DA:67,1
DA:81,2
DA:87,2
DA:88,2
DA:98,2
DA:99,2
DA:100,2
DA:101,2
DA:102,2
DA:112,1
DA:113,1
DA:123,2
DA:124,2
DA:125,2
DA:126,1
DA:128,2
LF:32
LH:32
BRDA:19,0,0,1
BRDA:19,0,1,1
BRDA:42,1,0,6
BRDA:43,2,0,8
BRDA:44,3,0,9
BRDA:45,4,0,9
BRDA:47,5,0,1
BRDA:47,5,1,9
BRDA:47,6,0,2
BRDA:47,6,1,2
BRDA:80,7,0,1
BRDA:83,8,0,1
BRDA:83,8,1,1
BRDA:101,9,0,1
BRDA:101,9,1,1
BRDA:122,10,0,1
BRDA:125,11,0,1
BRDA:125,11,1,1
BRF:18
BRH:18
end_of_record
